<?xml version="1.0" encoding="UTF-8"?>
<testsuite xmlns:xsi="http://www.w3.org/2001/XMLSchema-instance" xsi:noNamespaceSchemaLocation="https://maven.apache.org/surefire/maven-surefire-plugin/xsd/surefire-test-report.xsd" name="java9.diff.app2.BillServiceTest" time="0.03" tests="4" errors="0" skipped="0" failures="0">
  <properties>
[...]
</properties>
  <testcase name="testBillAmountCalcultion" classname="java9.diff.app2.BillServiceTest" time="0.002"/>
  <testcase name="testDiscountFineCalculation" classname="java9.diff.app2.BillServiceTest" time="0.001"/>
  <testcase name="testExceptionConditon" classname="java9.diff.app2.BillServiceTest" time="0.001"/>
  <testcase name="testBoundaryCondition" classname="java9.diff.app2.BillServiceTest" time="0"/>
</testsuite>